<?xml version="1.0" encoding="UTF-8"?>
<!-- Generated by org.testng.reporters.JUnitReportReporter -->
<testsuite hostname="LAPTOP-LN6LTTK3" name="mar24.Property_File" tests="1" failures="0" timestamp="29 Mar 2023 16:49:41 GMT" time="2.817" errors="0">
  <testcase name="verifyLogin" time="2.817" classname="mar24.Property_File"/>
</testsuite> <!-- mar24.Property_File -->
