<?xml version="1.0" encoding="UTF-8"?>
<!-- Generated by org.testng.reporters.JUnitReportReporter -->
<testsuite hostname="LAPTOP-LN6LTTK3" name="mar24.AdvanceReports" tests="2" failures="0" timestamp="29 Mar 2023 16:50:51 GMT" time="18.274" errors="0">
  <testcase name="testcase2" time="7.539" classname="mar24.AdvanceReports"/>
  <testcase name="testcase1" time="10.735" classname="mar24.AdvanceReports"/>
</testsuite> <!-- mar24.AdvanceReports -->
